<?xml version="1.0" encoding="UTF-8"?>
<testng-results skipped="0" failed="0" ignored="0" total="1" passed="1">
  <reporter-output>
  </reporter-output>
  <suite name="Default suite" duration-ms="27039" started-at="2019-09-10T11:17:01Z" finished-at="2019-09-10T11:17:28Z">
    <groups>
    </groups>
    <test name="Default test" duration-ms="27039" started-at="2019-09-10T11:17:01Z" finished-at="2019-09-10T11:17:28Z">
      <class name="com.training.sanity.tests.EditCategory">
        <test-method status="PASS" signature="setUpBeforeClass()[pri:0, instance:com.training.sanity.tests.EditCategory@3e6fa38a]" name="setUpBeforeClass" is-config="true" duration-ms="7" started-at="2019-09-10T11:17:01Z" finished-at="2019-09-10T11:17:01Z">
          <reporter-output>
          </reporter-output>
        </test-method> <!-- setUpBeforeClass -->
        <test-method status="PASS" signature="setUp()[pri:0, instance:com.training.sanity.tests.EditCategory@3e6fa38a]" name="setUp" is-config="true" duration-ms="6421" started-at="2019-09-10T11:17:01Z" finished-at="2019-09-10T11:17:07Z">
          <reporter-output>
          </reporter-output>
        </test-method> <!-- setUp -->
        <test-method status="PASS" signature="Testcase()[pri:0, instance:com.training.sanity.tests.EditCategory@3e6fa38a]" name="Testcase" duration-ms="18806" started-at="2019-09-10T11:17:07Z" finished-at="2019-09-10T11:17:26Z">
          <reporter-output>
          </reporter-output>
        </test-method> <!-- Testcase -->
        <test-method status="PASS" signature="tearDown()[pri:0, instance:com.training.sanity.tests.EditCategory@3e6fa38a]" name="tearDown" is-config="true" duration-ms="1771" started-at="2019-09-10T11:17:26Z" finished-at="2019-09-10T11:17:28Z">
          <reporter-output>
          </reporter-output>
        </test-method> <!-- tearDown -->
      </class> <!-- com.training.sanity.tests.EditCategory -->
    </test> <!-- Default test -->
  </suite> <!-- Default suite -->
</testng-results>
