<?xml version="1.0" encoding="UTF-8"?>
<testng-results skipped="0" failed="0" ignored="0" total="2" passed="2">
  <reporter-output>
  </reporter-output>
  <suite name="Default suite" duration-ms="30381" started-at="2019-08-27T05:04:33Z" finished-at="2019-08-27T05:05:04Z">
    <groups>
    </groups>
    <test name="Default test" duration-ms="30381" started-at="2019-08-27T05:04:33Z" finished-at="2019-08-27T05:05:04Z">
      <class name="com.training.sanity.tests.Cart">
        <test-method status="PASS" signature="setUpBeforeClass()[pri:0, instance:com.training.sanity.tests.Cart@3e6fa38a]" name="setUpBeforeClass" is-config="true" duration-ms="24" started-at="2019-08-27T05:04:33Z" finished-at="2019-08-27T05:04:33Z">
          <reporter-output>
          </reporter-output>
        </test-method> <!-- setUpBeforeClass -->
        <test-method status="PASS" signature="setUp()[pri:0, instance:com.training.sanity.tests.Cart@3e6fa38a]" name="setUp" is-config="true" duration-ms="7960" started-at="2019-08-27T05:04:33Z" finished-at="2019-08-27T05:04:41Z">
          <reporter-output>
          </reporter-output>
        </test-method> <!-- setUp -->
        <test-method status="PASS" signature="Testcase2()[pri:1, instance:com.training.sanity.tests.Cart@3e6fa38a]" name="Testcase2" duration-ms="5843" started-at="2019-08-27T05:04:41Z" finished-at="2019-08-27T05:04:47Z">
          <reporter-output>
          </reporter-output>
        </test-method> <!-- Testcase2 -->
        <test-method status="PASS" signature="tearDown()[pri:0, instance:com.training.sanity.tests.Cart@3e6fa38a]" name="tearDown" is-config="true" duration-ms="1818" started-at="2019-08-27T05:04:47Z" finished-at="2019-08-27T05:04:49Z">
          <reporter-output>
          </reporter-output>
        </test-method> <!-- tearDown -->
        <test-method status="PASS" signature="setUp()[pri:0, instance:com.training.sanity.tests.Cart@3e6fa38a]" name="setUp" is-config="true" duration-ms="5084" started-at="2019-08-27T05:04:49Z" finished-at="2019-08-27T05:04:54Z">
          <reporter-output>
          </reporter-output>
        </test-method> <!-- setUp -->
        <test-method status="PASS" signature="Testcase3()[pri:2, instance:com.training.sanity.tests.Cart@3e6fa38a]" name="Testcase3" duration-ms="7817" started-at="2019-08-27T05:04:54Z" finished-at="2019-08-27T05:05:02Z">
          <reporter-output>
          </reporter-output>
        </test-method> <!-- Testcase3 -->
        <test-method status="PASS" signature="tearDown()[pri:0, instance:com.training.sanity.tests.Cart@3e6fa38a]" name="tearDown" is-config="true" duration-ms="1807" started-at="2019-08-27T05:05:02Z" finished-at="2019-08-27T05:05:04Z">
          <reporter-output>
          </reporter-output>
        </test-method> <!-- tearDown -->
      </class> <!-- com.training.sanity.tests.Cart -->
    </test> <!-- Default test -->
  </suite> <!-- Default suite -->
</testng-results>
